<?xml version="1.0" encoding="UTF-8"?>
<!-- Generated by org.testng.reporters.JUnitXMLReporter -->
<testsuite hostname="BlackTower" ignored="0" name="Default test" tests="3" failures="0" timestamp="13 Jul 2019 17:42:31 GMT" time="42.865" errors="0">
  <testcase name="searchFromMainLandingPage" time="11.969" classname="katzevman_David.com.gearBest.tests.DataProviderFunctions"/>
  <testcase name="searchFromMainLandingPage" time="12.163" classname="katzevman_David.com.gearBest.tests.DataProviderFunctions"/>
  <testcase name="searchFromMainLandingPage" time="11.941" classname="katzevman_David.com.gearBest.tests.DataProviderFunctions"/>
</testsuite> <!-- Default test -->
