<?xml version="1.0" encoding="UTF-8"?>
<testng-results skipped="0" failed="0" ignored="0" total="1" passed="1">
  <reporter-output>
  </reporter-output>
  <suite name="Default suite" duration-ms="5701" started-at="2019-03-30T16:38:30Z" finished-at="2019-03-30T16:38:36Z">
    <groups>
    </groups>
    <test name="Default test" duration-ms="5701" started-at="2019-03-30T16:38:30Z" finished-at="2019-03-30T16:38:36Z">
      <class name="katzevman_David.com.gearBest.BasicTest">
        <test-method status="PASS" signature="beforTest()[pri:0, instance:katzevman_David.com.gearBest.BasicTest@523884b2]" name="beforTest" is-config="true" duration-ms="2692" started-at="2019-03-30T16:38:30Z" finished-at="2019-03-30T16:38:33Z">
          <reporter-output>
          </reporter-output>
        </test-method> <!-- beforTest -->
        <test-method status="PASS" signature="_01_0_openAndSearchGearBest()[pri:0, instance:katzevman_David.com.gearBest.BasicTest@523884b2]" name="_01_0_openAndSearchGearBest" duration-ms="2993" started-at="2019-03-30T16:38:33Z" finished-at="2019-03-30T16:38:36Z">
          <reporter-output>
          </reporter-output>
        </test-method> <!-- _01_0_openAndSearchGearBest -->
      </class> <!-- katzevman_David.com.gearBest.BasicTest -->
    </test> <!-- Default test -->
  </suite> <!-- Default suite -->
</testng-results>
