<?xml version="1.0" encoding="UTF-8"?>
<!-- Generated by org.testng.reporters.JUnitXMLReporter -->
<testsuite hostname="BlackTower" ignored="2" name="Regression" tests="5" failures="4" timestamp="06 Jul 2019 17:20:10 GMT" time="32.58" errors="0">
  <testcase name="_0_01_gearBestLandingPageSearch" time="6.292" classname="katzevman_David.com.gearBest.tests.Test1"/>
  <testcase name="_0_02_gearBestIndevidualProductTest" time="5.825" classname="katzevman_David.com.gearBest.tests.Test2">
    <failure type="java.lang.Exception" message="Not on the expected page: GearBestLandingPage
Expected condition failed: waiting for visibility of element located by By.className: siteNewUser_content (tried for 5 second(s) with 500 milliseconds interval)">
      <![CDATA[java.lang.Exception: Not on the expected page: GearBestLandingPage
Expected condition failed: waiting for visibility of element located by By.className: siteNewUser_content (tried for 5 second(s) with 500 milliseconds interval)
at katzevman_David.com.gearBest.Infra.Pages.AbstractPage.assertInPage(AbstractPage.java:40)
at katzevman_David.com.gearBest.Infra.Pages.AbstractPage.<init>(AbstractPage.java:26)
at katzevman_David.com.gearBest.Infra.Pages.GearBestLandingPage.<init>(GearBestLandingPage.java:25)
at katzevman_David.com.gearBest.tests.Test2._0_02_gearBestIndevidualProductTest(Test2.java:34)
... Removed 25 stack frames]]>
    </failure>
  </testcase> <!-- _0_02_gearBestIndevidualProductTest -->
  <testcase name="_0_02_gearBestIndevidualProductTest" time="5.957" classname="katzevman_David.com.gearBest.tests.Test3">
    <failure type="java.lang.Exception" message="Not on the expected page: GearBestLandingPage
Expected condition failed: waiting for visibility of element located by By.className: siteNewUser_content (tried for 5 second(s) with 500 milliseconds interval)">
      <![CDATA[java.lang.Exception: Not on the expected page: GearBestLandingPage
Expected condition failed: waiting for visibility of element located by By.className: siteNewUser_content (tried for 5 second(s) with 500 milliseconds interval)
at katzevman_David.com.gearBest.Infra.Pages.AbstractPage.assertInPage(AbstractPage.java:40)
at katzevman_David.com.gearBest.Infra.Pages.AbstractPage.<init>(AbstractPage.java:26)
at katzevman_David.com.gearBest.Infra.Pages.GearBestLandingPage.<init>(GearBestLandingPage.java:25)
at katzevman_David.com.gearBest.tests.Test3._0_02_gearBestIndevidualProductTest(Test3.java:33)
... Removed 25 stack frames]]>
    </failure>
  </testcase> <!-- _0_02_gearBestIndevidualProductTest -->
  <testcase name="_0_04_gearBestFlashSale" time="5.285" classname="katzevman_David.com.gearBest.tests.Test4">
    <failure type="java.lang.Exception" message="Not on the expected page: GearBestLandingPage
Expected condition failed: waiting for visibility of element located by By.className: siteNewUser_content (tried for 5 second(s) with 500 milliseconds interval)">
      <![CDATA[java.lang.Exception: Not on the expected page: GearBestLandingPage
Expected condition failed: waiting for visibility of element located by By.className: siteNewUser_content (tried for 5 second(s) with 500 milliseconds interval)
at katzevman_David.com.gearBest.Infra.Pages.AbstractPage.assertInPage(AbstractPage.java:40)
at katzevman_David.com.gearBest.Infra.Pages.AbstractPage.<init>(AbstractPage.java:26)
at katzevman_David.com.gearBest.Infra.Pages.GearBestLandingPage.<init>(GearBestLandingPage.java:25)
at katzevman_David.com.gearBest.tests.Test4._0_04_gearBestFlashSale(Test4.java:26)
... Removed 25 stack frames]]>
    </failure>
  </testcase> <!-- _0_04_gearBestFlashSale -->
  <testcase name="_0_02_gearBestIndevidualProductTest" time="5.486" classname="katzevman_David.com.gearBest.tests.Test5">
    <failure type="java.lang.Exception" message="Not on the expected page: GearBestLandingPage
Expected condition failed: waiting for visibility of element located by By.className: siteNewUser_content (tried for 5 second(s) with 500 milliseconds interval)">
      <![CDATA[java.lang.Exception: Not on the expected page: GearBestLandingPage
Expected condition failed: waiting for visibility of element located by By.className: siteNewUser_content (tried for 5 second(s) with 500 milliseconds interval)
at katzevman_David.com.gearBest.Infra.Pages.AbstractPage.assertInPage(AbstractPage.java:40)
at katzevman_David.com.gearBest.Infra.Pages.AbstractPage.<init>(AbstractPage.java:26)
at katzevman_David.com.gearBest.Infra.Pages.GearBestLandingPage.<init>(GearBestLandingPage.java:25)
at katzevman_David.com.gearBest.tests.Test5._0_02_gearBestIndevidualProductTest(Test5.java:29)
... Removed 25 stack frames]]>
    </failure>
  </testcase> <!-- _0_02_gearBestIndevidualProductTest -->
  <testcase name="searchFromMainLandingPage1" time="0.0" classname="katzevman_David.com.gearBest.tests.DataProviderFunctions">
    <ignored/>
  </testcase> <!-- searchFromMainLandingPage1 -->
  <testcase name="searchFromMainLandingPage" time="0.0" classname="katzevman_David.com.gearBest.tests.DataProviderFunctions">
    <ignored/>
  </testcase> <!-- searchFromMainLandingPage -->
</testsuite> <!-- Regression -->
