<?xml version="1.0" encoding="UTF-8"?>
<!-- Generated by org.testng.reporters.JUnitXMLReporter -->
<testsuite hostname="BlackTower" ignored="6" name="Sanity" tests="6" failures="0" timestamp="13 Jul 2019 17:44:52 GMT" time="83.652" errors="0">
  <testcase name="_0_01_gearBestLandingPageSearch" time="7.506" classname="katzevman_David.com.gearBest.tests.BasicUserFlow"/>
  <testcase name="_0_07_gearBestLinkTest1" time="14.759" classname="katzevman_David.com.gearBest.tests.ExternalLinks_part1"/>
  <testcase name="_0_09_gearBest_basicFunctions_LoginTests_1" time="15.226" classname="katzevman_David.com.gearBest.tests.SiteLogInTests_part1"/>
  <testcase name="_0_08_gearBestLinkTest2" time="8.927" classname="katzevman_David.com.gearBest.tests.ExternalLinks_part2"/>
  <testcase name="_0_10_gearBest_basicFunctions_LoginTests_2" time="21.144" classname="katzevman_David.com.gearBest.tests.SiteLogInTests_part2"/>
  <testcase name="_0_11_gearBest_basicFunctions_LoginTests_3" time="12.413" classname="katzevman_David.com.gearBest.tests.SiteLogInTests_part3"/>
  <testcase name="_0_06_gearBestIndevidualCategoryTest" time="0.0" classname="katzevman_David.com.gearBest.tests.MainCategoriesTesting">
    <ignored/>
  </testcase> <!-- _0_06_gearBestIndevidualCategoryTest -->
  <testcase name="_0_02_gearBestIndevidualProductTest_1" time="0.0" classname="katzevman_David.com.gearBest.tests.ProductsDiscountTesting">
    <ignored/>
  </testcase> <!-- _0_02_gearBestIndevidualProductTest_1 -->
  <testcase name="_0_05_gearBestFlashSale" time="0.0" classname="katzevman_David.com.gearBest.tests.MainCategoriesTesting_FlashSale">
    <ignored/>
  </testcase> <!-- _0_05_gearBestFlashSale -->
  <testcase name="_0_03_gearBestIndevidualProductTest_2" time="0.0" classname="katzevman_David.com.gearBest.tests.ProductsTitleTesting">
    <ignored/>
  </testcase> <!-- _0_03_gearBestIndevidualProductTest_2 -->
  <testcase name="_0_04_gearBestSearchbarTests" time="0.0" classname="katzevman_David.com.gearBest.tests.SearchBarTesting">
    <ignored/>
  </testcase> <!-- _0_04_gearBestSearchbarTests -->
  <testcase name="searchFromMainLandingPage" time="0.0" classname="katzevman_David.com.gearBest.tests.DataProviderFunctions">
    <ignored/>
  </testcase> <!-- searchFromMainLandingPage -->
</testsuite> <!-- Sanity -->
